Start testing: Aug 03 15:52 UTC
----------------------------------------------------------
31/169 Testing: t_webget
31/169 Test: t_webget
Command: "/root/sponge/tests/webget_t.sh"
Directory: /root/sponge/build
"t_webget" start time: Aug 03 15:52 UTC
Output:
----------------------------------------------------------
HTTP/1.1 200 OK
Content-type: text/plain

7SmXqWkrLKzVBCEalbSPqBcvs11Pw263K7x4Wv3JckI
<end of output>
Test time =   0.70 sec
----------------------------------------------------------
Test Passed.
"t_webget" end time: Aug 03 15:52 UTC
"t_webget" time elapsed: 00:00:00
----------------------------------------------------------

End testing: Aug 03 15:52 UTC
